<?xml version="1.0" encoding="UTF-8"?>
<testsuite name="gradledemo.AppTest" tests="1" skipped="0" failures="0" errors="0" timestamp="2025-10-07T10:22:52" hostname="Macbook.local" time="0.006">
  <properties/>
  <testcase name="appHasAGreeting()" classname="gradledemo.AppTest" time="0.006"/>
  <system-out><![CDATA[]]></system-out>
  <system-err><![CDATA[]]></system-err>
</testsuite>
